<?xml version="1.0" encoding="UTF-8"?>
<testsuite xmlns:xsi="http://www.w3.org/2001/XMLSchema-instance" xsi:noNamespaceSchemaLocation="https://maven.apache.org/surefire/maven-surefire-plugin/xsd/surefire-test-report-3.0.xsd" version="3.0" name="com.atipera.controller.GitHubControllerTest" time="5.261" tests="1" errors="0" skipped="0" failures="0">
  <properties>
[...]
</properties>
  <testcase name="shouldGetRepos" classname="com.atipera.controller.GitHubControllerTest" time="2.628">
    <system-out><![CDATA[21:56:02.975 [main] INFO org.springframework.test.context.support.AnnotationConfigContextLoaderUtils -- Could not detect default configuration classes for test class [com.atipera.controller.GitHubControllerTest]: GitHubControllerTest does not declare any static, non-private, non-final, nested classes annotated with @Configuration.
21:56:03.128 [main] INFO org.springframework.boot.test.context.SpringBootTestContextBootstrapper -- Found @SpringBootConfiguration com.atipera.AtiperaApplication for test class com.atipera.controller.GitHubControllerTest

  .   ____          _            __ _ _
 /\\ / ___'_ __ _ _(_)_ __  __ _ \ \ \ \
( ( )\___ | '_ | '_| | '_ \/ _` | \ \ \ \
 \\/  ___)| |_)| | | | | || (_| |  ) ) ) )
  '  |____| .__|_| |_|_| |_\__, | / / / /
 =========|_|==============|___/=/_/_/_/
 :: Spring Boot ::                (v3.2.4)

2025-07-19T21:56:03.521+02:00  WARN 10960 --- [           main] ory$DuplicateJsonObjectContextCustomizer : 

Found multiple occurrences of org.json.JSONObject on the class path:

	jar:file:/C:/Users/Bartek/.m2/repository/org/json/json/20240303/json-20240303.jar!/org/json/JSONObject.class
	jar:file:/C:/Users/Bartek/.m2/repository/com/vaadin/external/google/android-json/0.0.20131108.vaadin1/android-json-0.0.20131108.vaadin1.jar!/org/json/JSONObject.class

You may wish to exclude one of them to ensure predictable runtime behavior

2025-07-19T21:56:03.536+02:00  INFO 10960 --- [           main] c.a.controller.GitHubControllerTest      : Starting GitHubControllerTest using Java 21.0.8 with PID 10960 (started by Bartek in C:\Users\Bartek\OneDrive\Dokumenty\GitHub\Atipera-exercise)
2025-07-19T21:56:03.537+02:00  INFO 10960 --- [           main] c.a.controller.GitHubControllerTest      : No active profile set, falling back to 1 default profile: "default"
2025-07-19T21:56:04.703+02:00  INFO 10960 --- [           main] o.s.b.w.embedded.tomcat.TomcatWebServer  : Tomcat initialized with port 0 (http)
2025-07-19T21:56:04.718+02:00  INFO 10960 --- [           main] o.apache.catalina.core.StandardService   : Starting service [Tomcat]
2025-07-19T21:56:04.719+02:00  INFO 10960 --- [           main] o.apache.catalina.core.StandardEngine    : Starting Servlet engine: [Apache Tomcat/10.1.19]
2025-07-19T21:56:04.780+02:00  INFO 10960 --- [           main] o.a.c.c.C.[Tomcat].[localhost].[/]       : Initializing Spring embedded WebApplicationContext
2025-07-19T21:56:04.781+02:00  INFO 10960 --- [           main] w.s.c.ServletWebServerApplicationContext : Root WebApplicationContext: initialization completed in 1221 ms
2025-07-19T21:56:05.409+02:00  INFO 10960 --- [           main] o.s.b.w.embedded.tomcat.TomcatWebServer  : Tomcat started on port 58952 (http) with context path ''
2025-07-19T21:56:05.418+02:00  INFO 10960 --- [           main] c.a.controller.GitHubControllerTest      : Started GitHubControllerTest in 2.134 seconds (process running for 3.186)
2025-07-19T21:56:06.343+02:00  INFO 10960 --- [o-auto-1-exec-1] o.a.c.c.C.[Tomcat].[localhost].[/]       : Initializing Spring DispatcherServlet 'dispatcherServlet'
2025-07-19T21:56:06.344+02:00  INFO 10960 --- [o-auto-1-exec-1] o.s.web.servlet.DispatcherServlet        : Initializing Servlet 'dispatcherServlet'
2025-07-19T21:56:06.344+02:00  INFO 10960 --- [o-auto-1-exec-1] o.s.web.servlet.DispatcherServlet        : Completed initialization in 0 ms
]]></system-out>
    <system-err><![CDATA[WARNING: A Java agent has been loaded dynamically (C:\Users\Bartek\.m2\repository\net\bytebuddy\byte-buddy-agent\1.14.12\byte-buddy-agent-1.14.12.jar)
WARNING: If a serviceability tool is in use, please run with -XX:+EnableDynamicAgentLoading to hide this warning
WARNING: If a serviceability tool is not in use, please run with -Djdk.instrument.traceUsage for more information
WARNING: Dynamic loading of agents will be disallowed by default in a future release
]]></system-err>
  </testcase>
</testsuite>